=======================================
Ansible Playbook Execution Log
Playbook: check-status.yml
Bastion IP: 51.250.1.100
Timestamp: Fri Mar 15 14:50:22 UTC 2024
Extra args: 
=======================================

[INFO] Запуск playbook: check-status.yml
[INFO] Bastion IP: 51.250.1.100
[INFO] Выполнение playbook...

PLAY [Проверка состояния серверов и сервисов] *****************************

TASK [Gathering Facts] *****************************************************
ok: [dev-vm1]
ok: [dev-vm2]

TASK [Проверка времени работы системы] ************************************
changed: [dev-vm1]
changed: [dev-vm2]

TASK [Проверка использования диска] ***************************************
changed: [dev-vm1]
changed: [dev-vm2]

TASK [Проверка использования памяти] **************************************
changed: [dev-vm1]
changed: [dev-vm2]

TASK [Проверка статуса Nginx] *********************************************
ok: [dev-vm1]
ok: [dev-vm2]

TASK [Проверка статуса приложения] ****************************************
ok: [dev-vm1]
ok: [dev-vm2]

TASK [Проверка статуса UFW] ***********************************************
changed: [dev-vm1]
changed: [dev-vm2]

TASK [Проверка статуса Fail2Ban] ******************************************
ok: [dev-vm1]
ok: [dev-vm2]

TASK [Вывод информации о системе] *****************************************
ok: [dev-vm1] => {
    "msg": "Хост: dev-vm1\nВремя работы:  14:50:45 up 2 days,  3:25,  1 user,  load average: 0.08, 0.02, 0.01\nNginx: активен\nПриложение: активно\nUFW: Status: active\nFail2Ban: активен\n"
}
ok: [dev-vm2] => {
    "msg": "Хост: dev-vm2\nВремя работы:  14:50:45 up 2 days,  3:25,  1 user,  load average: 0.12, 0.05, 0.02\nNginx: активен\nПриложение: активно\nUFW: Status: active\nFail2Ban: активен\n"
}

TASK [Проверка доступности приложения] ************************************
ok: [dev-vm1]
ok: [dev-vm2]

TASK [Результат проверки здоровья] ****************************************
ok: [dev-vm1] => {
    "msg": "Приложение отвечает"
}
ok: [dev-vm2] => {
    "msg": "Приложение отвечает"
}

PLAY RECAP *****************************************************************
dev-vm1                    : ok=11   changed=4    unreachable=0    failed=0    skipped=0    rescued=0    ignored=0
dev-vm2                    : ok=11   changed=4    unreachable=0    failed=0    skipped=0    rescued=0    ignored=0

=======================================
СВОДКА ВЫПОЛНЕНИЯ
=======================================
Playbook: check-status.yml
Bastion IP: 51.250.1.100
Время выполнения: Fri Mar 15 14:52:11 UTC 2024
Статус: УСПЕШНО
Лог-файл: logs/example_check-status_20240315_145022.log
=======================================